[ 25%] [32mBuilding CXX object CMakeFiles/imu_node.dir/src/imu.cpp.o[0m
[ 75%] Built target motor_enable_node
[01m[K/home/mmcgraw/Projects/balance_bot/src/balance_hw/src/imu.cpp:[m[K In constructor â€˜[01m[KIMU_Node::[01;32m[KIMU_Node[m[K()[m[Kâ€™:
[01m[K/home/mmcgraw/Projects/balance_bot/src/balance_hw/src/imu.cpp:32:63:[m[K [01;31m[Kerror: [m[Kfound â€˜[01m[K:[m[Kâ€™ in nested-name-specifier, expected â€˜[01m[K::[m[Kâ€™
   32 |             imu_pub_ = this->create_publisher<sensor_msgs::msg[01;31m[K:[m[KImu>("/imu/data_raw", 10);
      |                                                               [01;31m[K^[m[K
      |                                                               [32m[K::[m[K
gmake[2]: *** [CMakeFiles/imu_node.dir/build.make:76: CMakeFiles/imu_node.dir/src/imu.cpp.o] Error 1
gmake[1]: *** [CMakeFiles/Makefile2:165: CMakeFiles/imu_node.dir/all] Error 2
gmake: *** [Makefile:146: all] Error 2
