[0.056s] Invoking command in '/home/mmcgraw/Projects/balance_bot/build/balance_hw': CMAKE_PREFIX_PATH=/opt/ros/jazzy /usr/bin/cmake --build /home/mmcgraw/Projects/balance_bot/build/balance_hw -- -j4 -l4
[0.196s] -- Found ament_cmake: 2.5.4 (/opt/ros/jazzy/share/ament_cmake/cmake)
[1.252s] -- Found rclcpp: 28.1.13 (/opt/ros/jazzy/share/rclcpp/cmake)
[1.391s] -- Found rosidl_generator_c: 4.6.6 (/opt/ros/jazzy/share/rosidl_generator_c/cmake)
[1.431s] -- Found rosidl_generator_cpp: 4.6.6 (/opt/ros/jazzy/share/rosidl_generator_cpp/cmake)
[1.482s] -- Using all available rosidl_typesupport_c: rosidl_typesupport_fastrtps_c;rosidl_typesupport_introspection_c
[1.539s] -- Using all available rosidl_typesupport_cpp: rosidl_typesupport_fastrtps_cpp;rosidl_typesupport_introspection_cpp
[1.779s] -- Found rmw_implementation_cmake: 7.3.2 (/opt/ros/jazzy/share/rmw_implementation_cmake/cmake)
[1.785s] -- Found rmw_fastrtps_cpp: 8.4.3 (/opt/ros/jazzy/share/rmw_fastrtps_cpp/cmake)
[2.037s] -- Using RMW implementation 'rmw_fastrtps_cpp' as default
[2.261s] -- Found std_msgs: 5.3.6 (/opt/ros/jazzy/share/std_msgs/cmake)
[2.323s] -- Found std_srvs: 5.3.6 (/opt/ros/jazzy/share/std_srvs/cmake)
[2.381s] -- Found ament_lint_auto: 0.17.3 (/opt/ros/jazzy/share/ament_lint_auto/cmake)
[2.825s] -- Added test 'cppcheck' to perform static code analysis on C / C++ code
[2.825s] -- Configured cppcheck include dirs: 
[2.826s] -- Configured cppcheck exclude dirs and/or files: 
[2.830s] -- Added test 'lint_cmake' to check CMake code style
[2.838s] -- Added test 'uncrustify' to check C / C++ code style
[2.838s] -- Configured uncrustify additional arguments: 
[2.840s] -- Added test 'xmllint' to check XML markup files
[2.850s] -- Configuring done (2.7s)
[3.016s] -- Generating done (0.1s)
[3.077s] -- Build files have been written to: /home/mmcgraw/Projects/balance_bot/build/balance_hw
[3.294s] [ 50%] [32mBuilding CXX object CMakeFiles/motor_enable_node.dir/src/motor_enable_node.cpp.o[0m
[13.198s] [01m[K/home/mmcgraw/Projects/balance_bot/src/balance_hw/src/motor_enable_node.cpp:188:35:[m[K [01;31m[Kerror: [m[Kâ€˜[01m[Kexample_interfaces[m[Kâ€™ was not declared in this scope; did you mean â€˜[01m[Krcl_interfaces[m[Kâ€™?
[13.199s]   188 |             const std::shared_ptr<[01;31m[Kexample_interfaces[m[K::srv::SetInt64::Request> req,
[13.199s]       |                                   [01;31m[K^~~~~~~~~~~~~~~~~~[m[K
[13.200s]       |                                   [32m[Krcl_interfaces[m[K
[13.200s] [01m[K/home/mmcgraw/Projects/balance_bot/src/balance_hw/src/motor_enable_node.cpp:188:77:[m[K [01;31m[Kerror: [m[Ktemplate argument 1 is invalid
[13.201s]   188 |             const std::shared_ptr<example_interfaces::srv::SetInt64::Request[01;31m[K>[m[K req,
[13.201s]       |                                                                             [01;31m[K^[m[K
[13.237s] [01m[K/home/mmcgraw/Projects/balance_bot/src/balance_hw/src/motor_enable_node.cpp:188:35:[m[K [01;31m[Kerror: [m[Kâ€˜[01m[Kexample_interfaces[m[Kâ€™ was not declared in this scope; did you mean â€˜[01m[Krcl_interfaces[m[Kâ€™?
[13.237s]   188 |             const std::shared_ptr<[01;31m[Kexample_interfaces[m[K::srv::SetInt64::Request> req,
[13.238s]       |                                   [01;31m[K^~~~~~~~~~~~~~~~~~[m[K
[13.238s]       |                                   [32m[Krcl_interfaces[m[K
[13.239s] [01m[K/home/mmcgraw/Projects/balance_bot/src/balance_hw/src/motor_enable_node.cpp:188:77:[m[K [01;31m[Kerror: [m[Ktemplate argument 1 is invalid
[13.239s]   188 |             const std::shared_ptr<example_interfaces::srv::SetInt64::Request[01;31m[K>[m[K req,
[13.240s]       |                                                                             [01;31m[K^[m[K
[13.276s] [01m[K/home/mmcgraw/Projects/balance_bot/src/balance_hw/src/motor_enable_node.cpp:188:35:[m[K [01;31m[Kerror: [m[Kâ€˜[01m[Kexample_interfaces[m[Kâ€™ was not declared in this scope; did you mean â€˜[01m[Krcl_interfaces[m[Kâ€™?
[13.277s]   188 |             const std::shared_ptr<[01;31m[Kexample_interfaces[m[K::srv::SetInt64::Request> req,
[13.277s]       |                                   [01;31m[K^~~~~~~~~~~~~~~~~~[m[K
[13.278s]       |                                   [32m[Krcl_interfaces[m[K
[13.278s] [01m[K/home/mmcgraw/Projects/balance_bot/src/balance_hw/src/motor_enable_node.cpp:188:77:[m[K [01;31m[Kerror: [m[Ktemplate argument 1 is invalid
[13.278s]   188 |             const std::shared_ptr<example_interfaces::srv::SetInt64::Request[01;31m[K>[m[K req,
[13.279s]       |                                                                             [01;31m[K^[m[K
[13.280s] [01m[K/home/mmcgraw/Projects/balance_bot/src/balance_hw/src/motor_enable_node.cpp:188:19:[m[K [01;31m[Kerror: [m[Kinvalid template-id
[13.280s]   188 |             const [01;31m[Kstd[m[K::shared_ptr<example_interfaces::srv::SetInt64::Request> req,
[13.281s]       |                   [01;31m[K^~~[m[K
[13.281s] [01m[K/home/mmcgraw/Projects/balance_bot/src/balance_hw/src/motor_enable_node.cpp:188:35:[m[K [01;31m[Kerror: [m[Kâ€˜[01m[Kexample_interfaces[m[Kâ€™ has not been declared
[13.282s]   188 |             const std::shared_ptr<[01;31m[Kexample_interfaces[m[K::srv::SetInt64::Request> req,
[13.282s]       |                                   [01;31m[K^~~~~~~~~~~~~~~~~~[m[K
[13.283s] [01m[K/home/mmcgraw/Projects/balance_bot/src/balance_hw/src/motor_enable_node.cpp:188:13:[m[K [01;31m[Kerror: [m[Kmissing template argument list after â€˜[01m[Kstd::shared_ptr[m[Kâ€™; template placeholder not permitted in parameter
[13.283s]   188 |             [01;31m[Kconst[m[K std::shared_ptr<example_interfaces::srv::SetInt64::Request> req,
[13.284s]       |             [01;31m[K^~~~~[m[K
[13.285s]       |                  [32m[K<>[m[K
[13.285s] In file included from [01m[K/usr/include/c++/13/bits/shared_ptr.h:53[m[K,
[13.286s]                  from [01m[K/usr/include/c++/13/memory:80[m[K,
[13.286s]                  from [01m[K/opt/ros/jazzy/include/rclcpp/rclcpp/rclcpp.hpp:169[m[K,
[13.287s]                  from [01m[K/home/mmcgraw/Projects/balance_bot/src/balance_hw/src/motor_enable_node.cpp:1[m[K:
[13.288s] [01m[K/usr/include/c++/13/bits/shared_ptr_base.h:395:11:[m[K [01;36m[Knote: [m[Kâ€˜[01m[Ktemplate<class _Tp> class std::shared_ptr[m[Kâ€™ declared here
[13.288s]   395 |     class [01;36m[Kshared_ptr[m[K;
[13.288s]       |           [01;36m[K^~~~~~~~~~[m[K
[13.316s] [01m[K/home/mmcgraw/Projects/balance_bot/src/balance_hw/src/motor_enable_node.cpp:189:29:[m[K [01;31m[Kerror: [m[Kâ€˜[01m[Kexample_interfaces[m[Kâ€™ was not declared in this scope; did you mean â€˜[01m[Krcl_interfaces[m[Kâ€™?
[13.317s]   189 |             std::shared_ptr<[01;31m[Kexample_interfaces[m[K::srv::SetInt64::Response> res){
[13.317s]       |                             [01;31m[K^~~~~~~~~~~~~~~~~~[m[K
[13.318s]       |                             [32m[Krcl_interfaces[m[K
[13.318s] [01m[K/home/mmcgraw/Projects/balance_bot/src/balance_hw/src/motor_enable_node.cpp:189:72:[m[K [01;31m[Kerror: [m[Ktemplate argument 1 is invalid
[13.319s]   189 |             std::shared_ptr<example_interfaces::srv::SetInt64::Response[01;31m[K>[m[K res){
[13.319s]       |                                                                        [01;31m[K^[m[K
[13.354s] [01m[K/home/mmcgraw/Projects/balance_bot/src/balance_hw/src/motor_enable_node.cpp:189:29:[m[K [01;31m[Kerror: [m[Kâ€˜[01m[Kexample_interfaces[m[Kâ€™ was not declared in this scope; did you mean â€˜[01m[Krcl_interfaces[m[Kâ€™?
[13.355s]   189 |             std::shared_ptr<[01;31m[Kexample_interfaces[m[K::srv::SetInt64::Response> res){
[13.355s]       |                             [01;31m[K^~~~~~~~~~~~~~~~~~[m[K
[13.356s]       |                             [32m[Krcl_interfaces[m[K
[13.356s] [01m[K/home/mmcgraw/Projects/balance_bot/src/balance_hw/src/motor_enable_node.cpp:189:72:[m[K [01;31m[Kerror: [m[Ktemplate argument 1 is invalid
[13.357s]   189 |             std::shared_ptr<example_interfaces::srv::SetInt64::Response[01;31m[K>[m[K res){
[13.357s]       |                                                                        [01;31m[K^[m[K
[13.392s] [01m[K/home/mmcgraw/Projects/balance_bot/src/balance_hw/src/motor_enable_node.cpp:189:29:[m[K [01;31m[Kerror: [m[Kâ€˜[01m[Kexample_interfaces[m[Kâ€™ was not declared in this scope; did you mean â€˜[01m[Krcl_interfaces[m[Kâ€™?
[13.393s]   189 |             std::shared_ptr<[01;31m[Kexample_interfaces[m[K::srv::SetInt64::Response> res){
[13.394s]       |                             [01;31m[K^~~~~~~~~~~~~~~~~~[m[K
[13.394s]       |                             [32m[Krcl_interfaces[m[K
[13.395s] [01m[K/home/mmcgraw/Projects/balance_bot/src/balance_hw/src/motor_enable_node.cpp:189:72:[m[K [01;31m[Kerror: [m[Ktemplate argument 1 is invalid
[13.395s]   189 |             std::shared_ptr<example_interfaces::srv::SetInt64::Response[01;31m[K>[m[K res){
[13.396s]       |                                                                        [01;31m[K^[m[K
[13.396s] [01m[K/home/mmcgraw/Projects/balance_bot/src/balance_hw/src/motor_enable_node.cpp:189:13:[m[K [01;31m[Kerror: [m[Kinvalid template-id
[13.397s]   189 |             [01;31m[Kstd[m[K::shared_ptr<example_interfaces::srv::SetInt64::Response> res){
[13.397s]       |             [01;31m[K^~~[m[K
[13.398s] [01m[K/home/mmcgraw/Projects/balance_bot/src/balance_hw/src/motor_enable_node.cpp:189:29:[m[K [01;31m[Kerror: [m[Kâ€˜[01m[Kexample_interfaces[m[Kâ€™ has not been declared
[13.398s]   189 |             std::shared_ptr<[01;31m[Kexample_interfaces[m[K::srv::SetInt64::Response> res){
[13.399s]       |                             [01;31m[K^~~~~~~~~~~~~~~~~~[m[K
[13.399s] [01m[K/home/mmcgraw/Projects/balance_bot/src/balance_hw/src/motor_enable_node.cpp:189:13:[m[K [01;31m[Kerror: [m[Kmissing template argument list after â€˜[01m[Kstd::shared_ptr[m[Kâ€™; template placeholder not permitted in parameter
[13.400s]   189 |             [01;31m[Kstd[m[K::shared_ptr<example_interfaces::srv::SetInt64::Response> res){
[13.400s]       |             [01;31m[K^~~[m[K
[13.400s]       |                [32m[K<>[m[K
[13.401s] [01m[K/usr/include/c++/13/bits/shared_ptr_base.h:395:11:[m[K [01;36m[Knote: [m[Kâ€˜[01m[Ktemplate<class _Tp> class std::shared_ptr[m[Kâ€™ declared here
[13.401s]   395 |     class [01;36m[Kshared_ptr[m[K;
[13.402s]       |           [01;36m[K^~~~~~~~~~[m[K
[13.495s] [01m[K/home/mmcgraw/Projects/balance_bot/src/balance_hw/src/motor_enable_node.cpp:[m[K In member function â€˜[01m[Kvoid MotorEnableNode::[01;32m[Kon_motors_direction[m[K(...)[m[Kâ€™:
[13.496s] [01m[K/home/mmcgraw/Projects/balance_bot/src/balance_hw/src/motor_enable_node.cpp:191:40:[m[K [01;31m[Kerror: [m[Kâ€˜[01m[Kreq[m[Kâ€™ was not declared in this scope
[13.496s]   191 |                 const auto direction = [01;31m[Kreq[m[K->data;
[13.497s]       |                                        [01;31m[K^~~[m[K
[13.518s] [01m[K/home/mmcgraw/Projects/balance_bot/src/balance_hw/src/motor_enable_node.cpp:220:21:[m[K [01;31m[Kerror: [m[Kâ€˜[01m[Kres[m[Kâ€™ was not declared in this scope
[13.519s]   220 |                     [01;31m[Kres[m[K->success = false;
[13.519s]       |                     [01;31m[K^~~[m[K
[13.540s] [01m[K/home/mmcgraw/Projects/balance_bot/src/balance_hw/src/motor_enable_node.cpp:225:17:[m[K [01;31m[Kerror: [m[Kâ€˜[01m[Kres[m[Kâ€™ was not declared in this scope
[13.540s]   225 |                 [01;31m[Kres[m[K->success = ok_ain1 && ok_ain2 && ok_bin3 && ok_bin4;
[13.541s]       |                 [01;31m[K^~~[m[K
[17.413s] gmake[2]: *** [CMakeFiles/motor_enable_node.dir/build.make:76: CMakeFiles/motor_enable_node.dir/src/motor_enable_node.cpp.o] Error 1
[17.414s] gmake[1]: *** [CMakeFiles/Makefile2:137: CMakeFiles/motor_enable_node.dir/all] Error 2
[17.415s] gmake: *** [Makefile:146: all] Error 2
[17.423s] Invoked command in '/home/mmcgraw/Projects/balance_bot/build/balance_hw' returned '2': CMAKE_PREFIX_PATH=/opt/ros/jazzy /usr/bin/cmake --build /home/mmcgraw/Projects/balance_bot/build/balance_hw -- -j4 -l4
