[ 50%] [32mBuilding CXX object CMakeFiles/motor_enable_node.dir/src/motor_enable_node.cpp.o[0m
[01m[K/home/mmcgraw/Projects/balance_bot/src/balance_hw/src/motor_enable_node.cpp:[m[K In constructor â€˜[01m[KMotorEnableNode::[01;32m[KMotorEnableNode[m[K()[m[Kâ€™:
[01m[K/home/mmcgraw/Projects/balance_bot/src/balance_hw/src/motor_enable_node.cpp:150:13:[m[K [01;31m[Kerror: [m[Kâ€˜[01m[Kcmd_watchdoc_timer_[m[Kâ€™ was not declared in this scope; did you mean â€˜[01m[Kcmd_watchdog_timer_[m[Kâ€™?
  150 |             [01;31m[Kcmd_watchdoc_timer_[m[K = this->create_wall_timer(
      |             [01;31m[K^~~~~~~~~~~~~~~~~~~[m[K
      |             [32m[Kcmd_watchdog_timer_[m[K
[01m[K/home/mmcgraw/Projects/balance_bot/src/balance_hw/src/motor_enable_node.cpp:[m[K In lambda function:
[01m[K/home/mmcgraw/Projects/balance_bot/src/balance_hw/src/motor_enable_node.cpp:154:27:[m[K [01;31m[Kerror: [m[Kâ€˜[01m[Kinst64_t[m[Kâ€™ does not name a type; did you mean â€˜[01m[Kint64_t[m[Kâ€™?
  154 |                     const [01;31m[Kinst64_t[m[K timeout_ns = static_cast<int64_t>(cmd_timeout_ms_) * 1000000LL;
      |                           [01;31m[K^~~~~~~~[m[K
      |                           [32m[Kint64_t[m[K
[01m[K/home/mmcgraw/Projects/balance_bot/src/balance_hw/src/motor_enable_node.cpp:156:31:[m[K [01;31m[Kerror: [m[Kâ€˜[01m[Ktimeout_ns[m[Kâ€™ was not declared in this scope
  156 |                     if (age > [01;31m[Ktimeout_ns[m[K) {
      |                               [01;31m[K^~~~~~~~~~[m[K
gmake[2]: *** [CMakeFiles/motor_enable_node.dir/build.make:76: CMakeFiles/motor_enable_node.dir/src/motor_enable_node.cpp.o] Error 1
gmake[1]: *** [CMakeFiles/Makefile2:137: CMakeFiles/motor_enable_node.dir/all] Error 2
gmake: *** [Makefile:146: all] Error 2
