[ 50%] [32mBuilding CXX object CMakeFiles/motor_enable_node.dir/src/motor_enable_node.cpp.o[0m
[01m[K/home/mmcgraw/Projects/balance_bot/src/balance_hw/src/motor_enable_node.cpp:181:9:[m[K [01;31m[Kerror: [m[Kâ€˜[01m[Krlccpp[m[Kâ€™ does not name a type
  181 |         [01;31m[Krlccpp[m[K::Service<SetPwm>::SharedPtr motors_pwm_srv_;
      |         [01;31m[K^~~~~~[m[K
[01m[K/home/mmcgraw/Projects/balance_bot/src/balance_hw/src/motor_enable_node.cpp:[m[K In constructor â€˜[01m[KMotorEnableNode::[01;32m[KMotorEnableNode[m[K()[m[Kâ€™:
[01m[K/home/mmcgraw/Projects/balance_bot/src/balance_hw/src/motor_enable_node.cpp:145:13:[m[K [01;31m[Kerror: [m[Kâ€˜[01m[Kmotors_pwm_srv_[m[Kâ€™ was not declared in this scope; did you mean â€˜[01m[Kmotors_enable_srv_[m[Kâ€™?
  145 |             [01;31m[Kmotors_pwm_srv_[m[K = this->create_service<SetPwm>(
      |             [01;31m[K^~~~~~~~~~~~~~~[m[K
      |             [32m[Kmotors_enable_srv_[m[K
gmake[2]: *** [CMakeFiles/motor_enable_node.dir/build.make:76: CMakeFiles/motor_enable_node.dir/src/motor_enable_node.cpp.o] Error 1
gmake[1]: *** [CMakeFiles/Makefile2:137: CMakeFiles/motor_enable_node.dir/all] Error 2
gmake: *** [Makefile:146: all] Error 2
