[0.072s] Invoking command in '/home/mmcgraw/Projects/balance_bot/build/balance_hw': CMAKE_PREFIX_PATH=/home/mmcgraw/Projects/balance_bot/install/balance_hw_interfaces:/home/mmcgraw/Projects/balance_bot/install/balance_hw:/opt/ros/jazzy /usr/bin/cmake --build /home/mmcgraw/Projects/balance_bot/build/balance_hw -- -j4 -l4
[0.391s] [ 50%] [32mBuilding CXX object CMakeFiles/motor_enable_node.dir/src/motor_enable_node.cpp.o[0m
[10.734s] [01m[K/home/mmcgraw/Projects/balance_bot/src/balance_hw/src/motor_enable_node.cpp:181:9:[m[K [01;31m[Kerror: [m[Kâ€˜[01m[Krlccpp[m[Kâ€™ does not name a type
[10.734s]   181 |         [01;31m[Krlccpp[m[K::Service<SetPwm>::SharedPtr motors_pwm_srv_;
[10.735s]       |         [01;31m[K^~~~~~[m[K
[10.826s] [01m[K/home/mmcgraw/Projects/balance_bot/src/balance_hw/src/motor_enable_node.cpp:[m[K In constructor â€˜[01m[KMotorEnableNode::[01;32m[KMotorEnableNode[m[K()[m[Kâ€™:
[10.827s] [01m[K/home/mmcgraw/Projects/balance_bot/src/balance_hw/src/motor_enable_node.cpp:145:13:[m[K [01;31m[Kerror: [m[Kâ€˜[01m[Kmotors_pwm_srv_[m[Kâ€™ was not declared in this scope; did you mean â€˜[01m[Kmotors_enable_srv_[m[Kâ€™?
[10.827s]   145 |             [01;31m[Kmotors_pwm_srv_[m[K = this->create_service<SetPwm>(
[10.828s]       |             [01;31m[K^~~~~~~~~~~~~~~[m[K
[10.828s]       |             [32m[Kmotors_enable_srv_[m[K
[16.170s] gmake[2]: *** [CMakeFiles/motor_enable_node.dir/build.make:76: CMakeFiles/motor_enable_node.dir/src/motor_enable_node.cpp.o] Error 1
[16.170s] gmake[1]: *** [CMakeFiles/Makefile2:137: CMakeFiles/motor_enable_node.dir/all] Error 2
[16.171s] gmake: *** [Makefile:146: all] Error 2
[16.180s] Invoked command in '/home/mmcgraw/Projects/balance_bot/build/balance_hw' returned '2': CMAKE_PREFIX_PATH=/home/mmcgraw/Projects/balance_bot/install/balance_hw_interfaces:/home/mmcgraw/Projects/balance_bot/install/balance_hw:/opt/ros/jazzy /usr/bin/cmake --build /home/mmcgraw/Projects/balance_bot/build/balance_hw -- -j4 -l4
