In file included from [01m[K/opt/ros/jazzy/include/rclcpp/rclcpp/logging.hpp:24[m[K,
                 from [01m[K/opt/ros/jazzy/include/rclcpp/rclcpp/copy_all_parameter_values.hpp:27[m[K,
                 from [01m[K/opt/ros/jazzy/include/rclcpp/rclcpp/rclcpp.hpp:171[m[K,
                 from [01m[K/home/mmcgraw/Projects/balance_bot/src/balance_hw/src/imu.cpp:1[m[K:
[01m[K/home/mmcgraw/Projects/balance_bot/src/balance_hw/src/imu.cpp:[m[K In lambda function:
[01m[K/home/mmcgraw/Projects/balance_bot/src/balance_hw/src/imu.cpp:90:96:[m[K [01;31m[Kerror: [m[Kâ€˜[01m[Kax[m[Kâ€™ was not declared in this scope
   90 |                         "raw accel: ax: %d, ay: %d, az: %d\nraw gyro: gx: %d, gy: %d, gz: %d", [01;31m[Kax[m[K, ay, az, gx, gy, gz);
      |                                                                                                [01;31m[K^~[m[K
[01m[K/home/mmcgraw/Projects/balance_bot/src/balance_hw/src/imu.cpp:90:100:[m[K [01;31m[Kerror: [m[Kâ€˜[01m[Kay[m[Kâ€™ was not declared in this scope
   90 |                         "raw accel: ax: %d, ay: %d, az: %d\nraw gyro: gx: %d, gy: %d, gz: %d", ax, [01;31m[Kay[m[K, az, gx, gy, gz);
      |                                                                                                    [01;31m[K^~[m[K
[01m[K/home/mmcgraw/Projects/balance_bot/src/balance_hw/src/imu.cpp:90:104:[m[K [01;31m[Kerror: [m[Kâ€˜[01m[Kaz[m[Kâ€™ was not declared in this scope
   90 |                         "raw accel: ax: %d, ay: %d, az: %d\nraw gyro: gx: %d, gy: %d, gz: %d", ax, ay, [01;31m[Kaz[m[K, gx, gy, gz);
      |                                                                                                        [01;31m[K^~[m[K
[01m[K/home/mmcgraw/Projects/balance_bot/src/balance_hw/src/imu.cpp:90:108:[m[K [01;31m[Kerror: [m[Kâ€˜[01m[Kgx[m[Kâ€™ was not declared in this scope
   90 |                         "raw accel: ax: %d, ay: %d, az: %d\nraw gyro: gx: %d, gy: %d, gz: %d", ax, ay, az, [01;31m[Kgx[m[K, gy, gz);
      |                                                                                                            [01;31m[K^~[m[K
[01m[K/home/mmcgraw/Projects/balance_bot/src/balance_hw/src/imu.cpp:90:112:[m[K [01;31m[Kerror: [m[Kâ€˜[01m[Kgy[m[Kâ€™ was not declared in this scope
   90 |                         "raw accel: ax: %d, ay: %d, az: %d\nraw gyro: gx: %d, gy: %d, gz: %d", ax, ay, az, gx, [01;31m[Kgy[m[K, gz);
      |                                                                                                                [01;31m[K^~[m[K
[01m[K/home/mmcgraw/Projects/balance_bot/src/balance_hw/src/imu.cpp:90:116:[m[K [01;31m[Kerror: [m[Kâ€˜[01m[Kgz[m[Kâ€™ was not declared in this scope
   90 |                         "raw accel: ax: %d, ay: %d, az: %d\nraw gyro: gx: %d, gy: %d, gz: %d", ax, ay, az, gx, gy, [01;31m[Kgz[m[K);
      |                                                                                                                    [01;31m[K^~[m[K
gmake[2]: *** [CMakeFiles/imu_node.dir/build.make:76: CMakeFiles/imu_node.dir/src/imu.cpp.o] Error 1
gmake[1]: *** [CMakeFiles/Makefile2:165: CMakeFiles/imu_node.dir/all] Error 2
gmake: *** [Makefile:146: all] Error 2
