[0.053s] Invoking command in '/home/mmcgraw/Projects/balance_bot/build/balance_hw': CMAKE_PREFIX_PATH=${CMAKE_PREFIX_PATH}:/opt/ros/jazzy /usr/bin/cmake --build /home/mmcgraw/Projects/balance_bot/build/balance_hw -- -j4 -l4
[0.348s] [ 50%] [32mBuilding CXX object CMakeFiles/motor_enable_node.dir/src/motor_enable_node.cpp.o[0m
[9.935s] [01m[K/home/mmcgraw/Projects/balance_bot/src/balance_hw/src/motor_enable_node.cpp:[m[K In constructor â€˜[01m[KMotorEnableNode::[01;32m[KMotorEnableNode[m[K()[m[Kâ€™:
[9.936s] [01m[K/home/mmcgraw/Projects/balance_bot/src/balance_hw/src/motor_enable_node.cpp:47:54:[m[K [01;31m[Kerror: [m[Kâ€˜[01m[Kb_in_4[m[Kâ€™ was not declared in this scope; did you mean â€˜[01m[Kb_in4_[m[Kâ€™?
[9.936s]    47 |             b_in4_line_ = gpiod_chip_get_line(chip_, [01;31m[Kb_in_4[m[K);
[9.937s]       |                                                      [01;31m[K^~~~~~[m[K
[9.937s]       |                                                      [32m[Kb_in4_[m[K
[12.375s] gmake[2]: *** [CMakeFiles/motor_enable_node.dir/build.make:76: CMakeFiles/motor_enable_node.dir/src/motor_enable_node.cpp.o] Error 1
[12.376s] gmake[1]: *** [CMakeFiles/Makefile2:137: CMakeFiles/motor_enable_node.dir/all] Error 2
[12.377s] gmake: *** [Makefile:146: all] Error 2
[12.385s] Invoked command in '/home/mmcgraw/Projects/balance_bot/build/balance_hw' returned '2': CMAKE_PREFIX_PATH=${CMAKE_PREFIX_PATH}:/opt/ros/jazzy /usr/bin/cmake --build /home/mmcgraw/Projects/balance_bot/build/balance_hw -- -j4 -l4
